Release 14.7 Map P.20131013 (nt64)
Xilinx Mapping Report File for Design 'auto_write_read'

Design Information
------------------
Command Line   : map -intstyle ise -p xc6slx9-tqg144-2 -w -logic_opt off -ol
high -t 1 -xt 0 -register_duplication off -r 4 -global_opt off -mt off -ir off
-pr off -lc off -power off -o auto_write_read_map.ncd auto_write_read.ngd
auto_write_read.pcf 
Target Device  : xc6slx9
Target Package : tqg144
Target Speed   : -2
Mapper Version : spartan6 -- $Revision: 1.55 $
Mapped Date    : Mon Aug 06 14:43:17 2018

Design Summary
--------------
Number of errors:      0
Number of warnings:    1
Slice Logic Utilization:
  Number of Slice Registers:                   145 out of  11,440    1%
    Number used as Flip Flops:                 145
    Number used as Latches:                      0
    Number used as Latch-thrus:                  0
    Number used as AND/OR logics:                0
  Number of Slice LUTs:                        102 out of   5,720    1%
    Number used as logic:                       79 out of   5,720    1%
      Number using O6 output only:              43
      Number using O5 output only:               0
      Number using O5 and O6:                   36
      Number used as ROM:                        0
    Number used as Memory:                       0 out of   1,440    0%
    Number used exclusively as route-thrus:     23
      Number with same-slice register load:     23
      Number with same-slice carry load:         0
      Number with other load:                    0

Slice Logic Distribution:
  Number of occupied Slices:                    50 out of   1,430    3%
  Number of MUXCYs used:                        44 out of   2,860    1%
  Number of LUT Flip Flop pairs used:          142
    Number with an unused Flip Flop:            33 out of     142   23%
    Number with an unused LUT:                  40 out of     142   28%
    Number of fully used LUT-FF pairs:          69 out of     142   48%
    Number of unique control sets:              14
    Number of slice register sites lost
      to control set restrictions:              63 out of  11,440    1%

  A LUT Flip Flop pair for this architecture represents one LUT paired with
  one Flip Flop within a slice.  A control set is a unique combination of
  clock, reset, set, and enable signals for a registered element.
  The Slice Logic Distribution report is not meaningful if the design is
  over-mapped for a non-slice resource or if Placement fails.

IO Utilization:
  Number of bonded IOBs:                        38 out of     102   37%
    IOB Flip Flops:                              1

Specific Feature Utilization:
  Number of RAMB16BWERs:                         0 out of      32    0%
  Number of RAMB8BWERs:                          1 out of      64    1%
  Number of BUFIO2/BUFIO2_2CLKs:                 0 out of      32    0%
  Number of BUFIO2FB/BUFIO2FB_2CLKs:             0 out of      32    0%
  Number of BUFG/BUFGMUXs:                       2 out of      16   12%
    Number used as BUFGs:                        2
    Number used as BUFGMUX:                      0
  Number of DCM/DCM_CLKGENs:                     0 out of       4    0%
  Number of ILOGIC2/ISERDES2s:                   0 out of     200    0%
  Number of IODELAY2/IODRP2/IODRP2_MCBs:         0 out of     200    0%
  Number of OLOGIC2/OSERDES2s:                   1 out of     200    1%
    Number used as OLOGIC2s:                     1
    Number used as OSERDES2s:                    0
  Number of BSCANs:                              0 out of       4    0%
  Number of BUFHs:                               0 out of     128    0%
  Number of BUFPLLs:                             0 out of       8    0%
  Number of BUFPLL_MCBs:                         0 out of       4    0%
  Number of DSP48A1s:                            0 out of      16    0%
  Number of ICAPs:                               0 out of       1    0%
  Number of MCBs:                                0 out of       2    0%
  Number of PCILOGICSEs:                         0 out of       2    0%
  Number of PLL_ADVs:                            0 out of       2    0%
  Number of PMVs:                                0 out of       1    0%
  Number of STARTUPs:                            0 out of       1    0%
  Number of SUSPEND_SYNCs:                       0 out of       1    0%

Average Fanout of Non-Clock Nets:                2.99

Peak Memory Usage:  4591 MB
Total REAL time to MAP completion:  23 secs 
Total CPU time to MAP completion:   14 secs 

Table of Contents
-----------------
Section 1 - Errors
Section 2 - Warnings
Section 3 - Informational
Section 4 - Removed Logic Summary
Section 5 - Removed Logic
Section 6 - IOB Properties
Section 7 - RPMs
Section 8 - Guide Report
Section 9 - Area Group and Partition Summary
Section 10 - Timing Report
Section 11 - Configuration String Information
Section 12 - Control Set Information
Section 13 - Utilization by Hierarchy

Section 1 - Errors
------------------

Section 2 - Warnings
--------------------
WARNING:PhysDesignRules:2410 - This design is using one or more 9K Block RAMs
   (RAMB8BWER).  9K Block RAM initialization data, both user defined and
   default, may be incorrect and should not be used.  For more information,
   please reference Xilinx Answer Record 39999.

Section 3 - Informational
-------------------------
INFO:LIT:243 - Logical network
   wfifo_512x16_inst/U0/xst_fifo_generator/gconvfifo.rf/grf.rf/gntv_or_sync_fifo
   .gl0.rd/gras.grdc1.rdc/rd_dc_i<8> has no load.
INFO:LIT:395 - The above info message is repeated 20 more times for the
   following (max. 5 shown):
   wfifo_512x16_inst/U0/xst_fifo_generator/gconvfifo.rf/grf.rf/gntv_or_sync_fifo
   .gl0.rd/gras.grdc1.rdc/rd_dc_i<7>,
   wfifo_512x16_inst/U0/xst_fifo_generator/gconvfifo.rf/grf.rf/gntv_or_sync_fifo
   .gl0.rd/gras.grdc1.rdc/rd_dc_i<6>,
   wfifo_512x16_inst/U0/xst_fifo_generator/gconvfifo.rf/grf.rf/gntv_or_sync_fifo
   .gl0.rd/gras.grdc1.rdc/rd_dc_i<5>,
   wfifo_512x16_inst/U0/xst_fifo_generator/gconvfifo.rf/grf.rf/gntv_or_sync_fifo
   .gl0.rd/gras.grdc1.rdc/rd_dc_i<4>,
   wfifo_512x16_inst/U0/xst_fifo_generator/gconvfifo.rf/grf.rf/gntv_or_sync_fifo
   .gl0.rd/gras.grdc1.rdc/rd_dc_i<3>
   To see the details of these info messages, please use the -detail switch.
INFO:MapLib:562 - No environment variables are currently set.
INFO:LIT:244 - All of the single ended outputs in this design are using slew
   rate limited output drivers. The delay on speed critical single ended outputs
   can be dramatically reduced by designating them as fast outputs.
INFO:Pack:1716 - Initializing temperature to 85.000 Celsius. (default - Range:
   0.000 to 85.000 Celsius)
INFO:Pack:1720 - Initializing voltage to 1.140 Volts. (default - Range: 1.140 to
   1.260 Volts)
INFO:Map:215 - The Interim Design Summary has been generated in the MAP Report
   (.mrp).
INFO:Pack:1650 - Map created a placed design.

Section 4 - Removed Logic Summary
---------------------------------
  79 block(s) removed
   3 block(s) optimized away
  79 signal(s) removed

Section 5 - Removed Logic
-------------------------

The trimmed logic report below shows the logic removed from your design due to
sourceless or loadless signals, and VCC or ground connections.  If the removal
of a signal or symbol results in the subsequent removal of an additional signal
or symbol, the message explaining that second removal will be indented.  This
indentation will be repeated as a chain of related logic is removed.

To quickly locate the original cause for the removal of a chain of logic, look
above the place where that logic is listed in the trimming report, then locate
the lines that are least indented (begin at the leftmost edge).

The signal
"wfifo_512x16_inst/U0/xst_fifo_generator/gconvfifo.rf/grf.rf/gntv_or_sync_fifo.g
l0.rd/gras.grdc1.rdc/rd_dc_i<8>" is sourceless and has been removed.
The signal
"wfifo_512x16_inst/U0/xst_fifo_generator/gconvfifo.rf/grf.rf/gntv_or_sync_fifo.g
l0.rd/gras.grdc1.rdc/rd_dc_i<7>" is sourceless and has been removed.
The signal
"wfifo_512x16_inst/U0/xst_fifo_generator/gconvfifo.rf/grf.rf/gntv_or_sync_fifo.g
l0.rd/gras.grdc1.rdc/rd_dc_i<6>" is sourceless and has been removed.
The signal
"wfifo_512x16_inst/U0/xst_fifo_generator/gconvfifo.rf/grf.rf/gntv_or_sync_fifo.g
l0.rd/gras.grdc1.rdc/rd_dc_i<5>" is sourceless and has been removed.
The signal
"wfifo_512x16_inst/U0/xst_fifo_generator/gconvfifo.rf/grf.rf/gntv_or_sync_fifo.g
l0.rd/gras.grdc1.rdc/rd_dc_i<4>" is sourceless and has been removed.
The signal
"wfifo_512x16_inst/U0/xst_fifo_generator/gconvfifo.rf/grf.rf/gntv_or_sync_fifo.g
l0.rd/gras.grdc1.rdc/rd_dc_i<3>" is sourceless and has been removed.
The signal
"wfifo_512x16_inst/U0/xst_fifo_generator/gconvfifo.rf/grf.rf/gntv_or_sync_fifo.g
l0.rd/gras.grdc1.rdc/rd_dc_i<2>" is sourceless and has been removed.
The signal
"wfifo_512x16_inst/U0/xst_fifo_generator/gconvfifo.rf/grf.rf/gntv_or_sync_fifo.g
l0.rd/gras.grdc1.rdc/rd_dc_i<1>" is sourceless and has been removed.
The signal
"wfifo_512x16_inst/U0/xst_fifo_generator/gconvfifo.rf/grf.rf/gntv_or_sync_fifo.g
l0.rd/gras.grdc1.rdc/rd_dc_i<0>" is sourceless and has been removed.
The signal
"wfifo_512x16_inst/U0/xst_fifo_generator/gconvfifo.rf/grf.rf/gntv_or_sync_fifo.g
l0.wr/gwas.gwdc0.wdc/wr_data_count_i<7>" is sourceless and has been removed.
The signal
"wfifo_512x16_inst/U0/xst_fifo_generator/gconvfifo.rf/grf.rf/gntv_or_sync_fifo.g
l0.wr/gwas.gwdc0.wdc/wr_data_count_i<6>" is sourceless and has been removed.
The signal
"wfifo_512x16_inst/U0/xst_fifo_generator/gconvfifo.rf/grf.rf/gntv_or_sync_fifo.g
l0.wr/gwas.gwdc0.wdc/wr_data_count_i<5>" is sourceless and has been removed.
The signal
"wfifo_512x16_inst/U0/xst_fifo_generator/gconvfifo.rf/grf.rf/gntv_or_sync_fifo.g
l0.wr/gwas.gwdc0.wdc/wr_data_count_i<4>" is sourceless and has been removed.
The signal
"wfifo_512x16_inst/U0/xst_fifo_generator/gconvfifo.rf/grf.rf/gntv_or_sync_fifo.g
l0.wr/gwas.gwdc0.wdc/wr_data_count_i<3>" is sourceless and has been removed.
The signal
"wfifo_512x16_inst/U0/xst_fifo_generator/gconvfifo.rf/grf.rf/gntv_or_sync_fifo.g
l0.wr/gwas.gwdc0.wdc/wr_data_count_i<2>" is sourceless and has been removed.
The signal
"wfifo_512x16_inst/U0/xst_fifo_generator/gconvfifo.rf/grf.rf/gntv_or_sync_fifo.g
l0.wr/gwas.gwdc0.wdc/wr_data_count_i<1>" is sourceless and has been removed.
The signal
"wfifo_512x16_inst/U0/xst_fifo_generator/gconvfifo.rf/grf.rf/gntv_or_sync_fifo.g
l0.wr/gwas.gwdc0.wdc/wr_data_count_i<0>" is sourceless and has been removed.
The signal
"wfifo_512x16_inst/U0/xst_fifo_generator/gconvfifo.rf/grf.rf/gntv_or_sync_fifo.g
l0.wr/gwas.wsts/ram_full_i" is sourceless and has been removed.
The signal
"wfifo_512x16_inst/U0/xst_fifo_generator/gconvfifo.rf/grf.rf/gntv_or_sync_fifo.g
l0.wr/gwas.wsts/ram_almost_full_i" is sourceless and has been removed.
The signal
"wfifo_512x16_inst/U0/xst_fifo_generator/gconvfifo.rf/grf.rf/gntv_or_sync_fifo.g
l0.rd/gras.rsts/ram_empty_i" is sourceless and has been removed.
The signal
"wfifo_512x16_inst/U0/xst_fifo_generator/gconvfifo.rf/grf.rf/gntv_or_sync_fifo.g
l0.rd/gras.rsts/gae.ram_almost_empty_i" is sourceless and has been removed.
The signal
"wfifo_512x16_inst/U0/xst_fifo_generator/gconvfifo.rf/grf.rf/gntv_or_sync_fifo.g
l0.rd/gras.rsts/ram_empty_fb_i_inv" is sourceless and has been removed.
 Sourceless block
"wfifo_512x16_inst/U0/xst_fifo_generator/gconvfifo.rf/grf.rf/gntv_or_sync_fifo.g
l0.rd/gras.rsts/gae.ram_almost_empty_i" (FF) removed.
The signal
"wfifo_512x16_inst/U0/xst_fifo_generator/gconvfifo.rf/grf.rf/gntv_or_sync_fifo.g
l0.rd/gras.rsts/comp1_gae.comp2_OR_7_o" is sourceless and has been removed.
The signal
"wfifo_512x16_inst/U0/xst_fifo_generator/gconvfifo.rf/grf.rf/gntv_or_sync_fifo.g
l0.rd/gras.rsts/gae.c2/gmux.carrynet<2>" is sourceless and has been removed.
 Sourceless block
"wfifo_512x16_inst/U0/xst_fifo_generator/gconvfifo.rf/grf.rf/gntv_or_sync_fifo.g
l0.rd/gras.rsts/gae.c2/gmux.gm[3].gms.ms" (MUX) removed.
  The signal
"wfifo_512x16_inst/U0/xst_fifo_generator/gconvfifo.rf/grf.rf/gntv_or_sync_fifo.g
l0.rd/gras.rsts/gae.c2/gmux.carrynet<3>" is sourceless and has been removed.
   Sourceless block
"wfifo_512x16_inst/U0/xst_fifo_generator/gconvfifo.rf/grf.rf/gntv_or_sync_fifo.g
l0.rd/gras.rsts/gae.c2/gmux.gm[4].gms.ms" (MUX) removed.
    The signal
"wfifo_512x16_inst/U0/xst_fifo_generator/gconvfifo.rf/grf.rf/gntv_or_sync_fifo.g
l0.rd/gras.rsts/gae.comp2" is sourceless and has been removed.
     Sourceless block
"wfifo_512x16_inst/U0/xst_fifo_generator/gconvfifo.rf/grf.rf/gntv_or_sync_fifo.g
l0.rd/gras.rsts/comp1_gae.comp2_OR_7_o1" (ROM) removed.
The signal
"wfifo_512x16_inst/U0/xst_fifo_generator/gconvfifo.rf/grf.rf/gntv_or_sync_fifo.g
l0.rd/gras.rsts/gae.c2/v1<3>" is sourceless and has been removed.
The signal
"wfifo_512x16_inst/U0/xst_fifo_generator/gconvfifo.rf/grf.rf/gntv_or_sync_fifo.g
l0.rd/gras.rsts/gae.c2/gmux.carrynet<1>" is sourceless and has been removed.
 Sourceless block
"wfifo_512x16_inst/U0/xst_fifo_generator/gconvfifo.rf/grf.rf/gntv_or_sync_fifo.g
l0.rd/gras.rsts/gae.c2/gmux.gm[2].gms.ms" (MUX) removed.
The signal
"wfifo_512x16_inst/U0/xst_fifo_generator/gconvfifo.rf/grf.rf/gntv_or_sync_fifo.g
l0.rd/gras.rsts/gae.c2/v1<2>" is sourceless and has been removed.
The signal
"wfifo_512x16_inst/U0/xst_fifo_generator/gconvfifo.rf/grf.rf/gntv_or_sync_fifo.g
l0.rd/gras.rsts/gae.c2/gmux.carrynet<0>" is sourceless and has been removed.
 Sourceless block
"wfifo_512x16_inst/U0/xst_fifo_generator/gconvfifo.rf/grf.rf/gntv_or_sync_fifo.g
l0.rd/gras.rsts/gae.c2/gmux.gm[1].gms.ms" (MUX) removed.
The signal
"wfifo_512x16_inst/U0/xst_fifo_generator/gconvfifo.rf/grf.rf/gntv_or_sync_fifo.g
l0.rd/gras.rsts/gae.c2/v1<1>" is sourceless and has been removed.
The signal
"wfifo_512x16_inst/U0/xst_fifo_generator/gconvfifo.rf/grf.rf/gntv_or_sync_fifo.g
l0.rd/gras.rsts/gae.c2/v1<0>" is sourceless and has been removed.
 Sourceless block
"wfifo_512x16_inst/U0/xst_fifo_generator/gconvfifo.rf/grf.rf/gntv_or_sync_fifo.g
l0.rd/gras.rsts/gae.c2/gmux.gm[0].gm1.m1" (MUX) removed.
The signal
"wfifo_512x16_inst/U0/xst_fifo_generator/gconvfifo.rf/grf.rf/gntv_or_sync_fifo.g
l0.rd/gras.rsts/gae.c2/v1<4>" is sourceless and has been removed.
The signal
"wfifo_512x16_inst/U0/xst_fifo_generator/gconvfifo.rf/grf.rf/gntv_or_sync_fifo.g
l0.rd/gras.grdc1.rdc/Msub_GND_192_o_GND_192_o_sub_2_OUT<8:0>_cy<7>" is
sourceless and has been removed.
 Sourceless block
"wfifo_512x16_inst/U0/xst_fifo_generator/gconvfifo.rf/grf.rf/gntv_or_sync_fifo.g
l0.rd/gras.grdc1.rdc/Msub_GND_192_o_GND_192_o_sub_2_OUT<8:0>_xor<8>" (XOR)
removed.
  The signal
"wfifo_512x16_inst/U0/xst_fifo_generator/gconvfifo.rf/grf.rf/gntv_or_sync_fifo.g
l0.rd/gras.grdc1.rdc/GND_192_o_GND_192_o_sub_2_OUT<8>" is sourceless and has
been removed.
   Sourceless block
"wfifo_512x16_inst/U0/xst_fifo_generator/gconvfifo.rf/grf.rf/gntv_or_sync_fifo.g
l0.rd/gras.grdc1.rdc/rd_dc_i_8" (FF) removed.
The signal
"wfifo_512x16_inst/U0/xst_fifo_generator/gconvfifo.rf/grf.rf/gntv_or_sync_fifo.g
l0.rd/gras.grdc1.rdc/Msub_GND_192_o_GND_192_o_sub_2_OUT<8:0>_lut<8>" is
sourceless and has been removed.
The signal
"wfifo_512x16_inst/U0/xst_fifo_generator/gconvfifo.rf/grf.rf/gntv_or_sync_fifo.g
l0.rd/gras.grdc1.rdc/Msub_GND_192_o_GND_192_o_sub_2_OUT<8:0>_cy<6>" is
sourceless and has been removed.
 Sourceless block
"wfifo_512x16_inst/U0/xst_fifo_generator/gconvfifo.rf/grf.rf/gntv_or_sync_fifo.g
l0.rd/gras.grdc1.rdc/Msub_GND_192_o_GND_192_o_sub_2_OUT<8:0>_xor<7>" (XOR)
removed.
  The signal
"wfifo_512x16_inst/U0/xst_fifo_generator/gconvfifo.rf/grf.rf/gntv_or_sync_fifo.g
l0.rd/gras.grdc1.rdc/GND_192_o_GND_192_o_sub_2_OUT<7>" is sourceless and has
been removed.
   Sourceless block
"wfifo_512x16_inst/U0/xst_fifo_generator/gconvfifo.rf/grf.rf/gntv_or_sync_fifo.g
l0.rd/gras.grdc1.rdc/rd_dc_i_7" (FF) removed.
 Sourceless block
"wfifo_512x16_inst/U0/xst_fifo_generator/gconvfifo.rf/grf.rf/gntv_or_sync_fifo.g
l0.rd/gras.grdc1.rdc/Msub_GND_192_o_GND_192_o_sub_2_OUT<8:0>_cy<7>" (MUX)
removed.
The signal
"wfifo_512x16_inst/U0/xst_fifo_generator/gconvfifo.rf/grf.rf/gntv_or_sync_fifo.g
l0.rd/gras.grdc1.rdc/Msub_GND_192_o_GND_192_o_sub_2_OUT<8:0>_lut<7>" is
sourceless and has been removed.
The signal
"wfifo_512x16_inst/U0/xst_fifo_generator/gconvfifo.rf/grf.rf/gntv_or_sync_fifo.g
l0.rd/gras.grdc1.rdc/Msub_GND_192_o_GND_192_o_sub_2_OUT<8:0>_cy<5>" is
sourceless and has been removed.
 Sourceless block
"wfifo_512x16_inst/U0/xst_fifo_generator/gconvfifo.rf/grf.rf/gntv_or_sync_fifo.g
l0.rd/gras.grdc1.rdc/Msub_GND_192_o_GND_192_o_sub_2_OUT<8:0>_xor<6>" (XOR)
removed.
  The signal
"wfifo_512x16_inst/U0/xst_fifo_generator/gconvfifo.rf/grf.rf/gntv_or_sync_fifo.g
l0.rd/gras.grdc1.rdc/GND_192_o_GND_192_o_sub_2_OUT<6>" is sourceless and has
been removed.
   Sourceless block
"wfifo_512x16_inst/U0/xst_fifo_generator/gconvfifo.rf/grf.rf/gntv_or_sync_fifo.g
l0.rd/gras.grdc1.rdc/rd_dc_i_6" (FF) removed.
 Sourceless block
"wfifo_512x16_inst/U0/xst_fifo_generator/gconvfifo.rf/grf.rf/gntv_or_sync_fifo.g
l0.rd/gras.grdc1.rdc/Msub_GND_192_o_GND_192_o_sub_2_OUT<8:0>_cy<6>" (MUX)
removed.
The signal
"wfifo_512x16_inst/U0/xst_fifo_generator/gconvfifo.rf/grf.rf/gntv_or_sync_fifo.g
l0.rd/gras.grdc1.rdc/Msub_GND_192_o_GND_192_o_sub_2_OUT<8:0>_lut<6>" is
sourceless and has been removed.
The signal
"wfifo_512x16_inst/U0/xst_fifo_generator/gconvfifo.rf/grf.rf/gntv_or_sync_fifo.g
l0.rd/gras.grdc1.rdc/Msub_GND_192_o_GND_192_o_sub_2_OUT<8:0>_cy<4>" is
sourceless and has been removed.
 Sourceless block
"wfifo_512x16_inst/U0/xst_fifo_generator/gconvfifo.rf/grf.rf/gntv_or_sync_fifo.g
l0.rd/gras.grdc1.rdc/Msub_GND_192_o_GND_192_o_sub_2_OUT<8:0>_xor<5>" (XOR)
removed.
  The signal
"wfifo_512x16_inst/U0/xst_fifo_generator/gconvfifo.rf/grf.rf/gntv_or_sync_fifo.g
l0.rd/gras.grdc1.rdc/GND_192_o_GND_192_o_sub_2_OUT<5>" is sourceless and has
been removed.
   Sourceless block
"wfifo_512x16_inst/U0/xst_fifo_generator/gconvfifo.rf/grf.rf/gntv_or_sync_fifo.g
l0.rd/gras.grdc1.rdc/rd_dc_i_5" (FF) removed.
 Sourceless block
"wfifo_512x16_inst/U0/xst_fifo_generator/gconvfifo.rf/grf.rf/gntv_or_sync_fifo.g
l0.rd/gras.grdc1.rdc/Msub_GND_192_o_GND_192_o_sub_2_OUT<8:0>_cy<5>" (MUX)
removed.
The signal
"wfifo_512x16_inst/U0/xst_fifo_generator/gconvfifo.rf/grf.rf/gntv_or_sync_fifo.g
l0.rd/gras.grdc1.rdc/Msub_GND_192_o_GND_192_o_sub_2_OUT<8:0>_lut<5>" is
sourceless and has been removed.
The signal
"wfifo_512x16_inst/U0/xst_fifo_generator/gconvfifo.rf/grf.rf/gntv_or_sync_fifo.g
l0.rd/gras.grdc1.rdc/Msub_GND_192_o_GND_192_o_sub_2_OUT<8:0>_cy<3>" is
sourceless and has been removed.
 Sourceless block
"wfifo_512x16_inst/U0/xst_fifo_generator/gconvfifo.rf/grf.rf/gntv_or_sync_fifo.g
l0.rd/gras.grdc1.rdc/Msub_GND_192_o_GND_192_o_sub_2_OUT<8:0>_xor<4>" (XOR)
removed.
  The signal
"wfifo_512x16_inst/U0/xst_fifo_generator/gconvfifo.rf/grf.rf/gntv_or_sync_fifo.g
l0.rd/gras.grdc1.rdc/GND_192_o_GND_192_o_sub_2_OUT<4>" is sourceless and has
been removed.
   Sourceless block
"wfifo_512x16_inst/U0/xst_fifo_generator/gconvfifo.rf/grf.rf/gntv_or_sync_fifo.g
l0.rd/gras.grdc1.rdc/rd_dc_i_4" (FF) removed.
 Sourceless block
"wfifo_512x16_inst/U0/xst_fifo_generator/gconvfifo.rf/grf.rf/gntv_or_sync_fifo.g
l0.rd/gras.grdc1.rdc/Msub_GND_192_o_GND_192_o_sub_2_OUT<8:0>_cy<4>" (MUX)
removed.
The signal
"wfifo_512x16_inst/U0/xst_fifo_generator/gconvfifo.rf/grf.rf/gntv_or_sync_fifo.g
l0.rd/gras.grdc1.rdc/Msub_GND_192_o_GND_192_o_sub_2_OUT<8:0>_lut<4>" is
sourceless and has been removed.
The signal
"wfifo_512x16_inst/U0/xst_fifo_generator/gconvfifo.rf/grf.rf/gntv_or_sync_fifo.g
l0.rd/gras.grdc1.rdc/Msub_GND_192_o_GND_192_o_sub_2_OUT<8:0>_cy<2>" is
sourceless and has been removed.
 Sourceless block
"wfifo_512x16_inst/U0/xst_fifo_generator/gconvfifo.rf/grf.rf/gntv_or_sync_fifo.g
l0.rd/gras.grdc1.rdc/Msub_GND_192_o_GND_192_o_sub_2_OUT<8:0>_xor<3>" (XOR)
removed.
  The signal
"wfifo_512x16_inst/U0/xst_fifo_generator/gconvfifo.rf/grf.rf/gntv_or_sync_fifo.g
l0.rd/gras.grdc1.rdc/GND_192_o_GND_192_o_sub_2_OUT<3>" is sourceless and has
been removed.
   Sourceless block
"wfifo_512x16_inst/U0/xst_fifo_generator/gconvfifo.rf/grf.rf/gntv_or_sync_fifo.g
l0.rd/gras.grdc1.rdc/rd_dc_i_3" (FF) removed.
 Sourceless block
"wfifo_512x16_inst/U0/xst_fifo_generator/gconvfifo.rf/grf.rf/gntv_or_sync_fifo.g
l0.rd/gras.grdc1.rdc/Msub_GND_192_o_GND_192_o_sub_2_OUT<8:0>_cy<3>" (MUX)
removed.
The signal
"wfifo_512x16_inst/U0/xst_fifo_generator/gconvfifo.rf/grf.rf/gntv_or_sync_fifo.g
l0.rd/gras.grdc1.rdc/Msub_GND_192_o_GND_192_o_sub_2_OUT<8:0>_lut<3>" is
sourceless and has been removed.
The signal
"wfifo_512x16_inst/U0/xst_fifo_generator/gconvfifo.rf/grf.rf/gntv_or_sync_fifo.g
l0.rd/gras.grdc1.rdc/Msub_GND_192_o_GND_192_o_sub_2_OUT<8:0>_cy<1>" is
sourceless and has been removed.
 Sourceless block
"wfifo_512x16_inst/U0/xst_fifo_generator/gconvfifo.rf/grf.rf/gntv_or_sync_fifo.g
l0.rd/gras.grdc1.rdc/Msub_GND_192_o_GND_192_o_sub_2_OUT<8:0>_xor<2>" (XOR)
removed.
  The signal
"wfifo_512x16_inst/U0/xst_fifo_generator/gconvfifo.rf/grf.rf/gntv_or_sync_fifo.g
l0.rd/gras.grdc1.rdc/GND_192_o_GND_192_o_sub_2_OUT<2>" is sourceless and has
been removed.
   Sourceless block
"wfifo_512x16_inst/U0/xst_fifo_generator/gconvfifo.rf/grf.rf/gntv_or_sync_fifo.g
l0.rd/gras.grdc1.rdc/rd_dc_i_2" (FF) removed.
 Sourceless block
"wfifo_512x16_inst/U0/xst_fifo_generator/gconvfifo.rf/grf.rf/gntv_or_sync_fifo.g
l0.rd/gras.grdc1.rdc/Msub_GND_192_o_GND_192_o_sub_2_OUT<8:0>_cy<2>" (MUX)
removed.
The signal
"wfifo_512x16_inst/U0/xst_fifo_generator/gconvfifo.rf/grf.rf/gntv_or_sync_fifo.g
l0.rd/gras.grdc1.rdc/Msub_GND_192_o_GND_192_o_sub_2_OUT<8:0>_lut<2>" is
sourceless and has been removed.
The signal
"wfifo_512x16_inst/U0/xst_fifo_generator/gconvfifo.rf/grf.rf/gntv_or_sync_fifo.g
l0.rd/gras.grdc1.rdc/Msub_GND_192_o_GND_192_o_sub_2_OUT<8:0>_cy<0>" is
sourceless and has been removed.
 Sourceless block
"wfifo_512x16_inst/U0/xst_fifo_generator/gconvfifo.rf/grf.rf/gntv_or_sync_fifo.g
l0.rd/gras.grdc1.rdc/Msub_GND_192_o_GND_192_o_sub_2_OUT<8:0>_xor<1>" (XOR)
removed.
  The signal
"wfifo_512x16_inst/U0/xst_fifo_generator/gconvfifo.rf/grf.rf/gntv_or_sync_fifo.g
l0.rd/gras.grdc1.rdc/GND_192_o_GND_192_o_sub_2_OUT<1>" is sourceless and has
been removed.
   Sourceless block
"wfifo_512x16_inst/U0/xst_fifo_generator/gconvfifo.rf/grf.rf/gntv_or_sync_fifo.g
l0.rd/gras.grdc1.rdc/rd_dc_i_1" (FF) removed.
 Sourceless block
"wfifo_512x16_inst/U0/xst_fifo_generator/gconvfifo.rf/grf.rf/gntv_or_sync_fifo.g
l0.rd/gras.grdc1.rdc/Msub_GND_192_o_GND_192_o_sub_2_OUT<8:0>_cy<1>" (MUX)
removed.
The signal
"wfifo_512x16_inst/U0/xst_fifo_generator/gconvfifo.rf/grf.rf/gntv_or_sync_fifo.g
l0.rd/gras.grdc1.rdc/Msub_GND_192_o_GND_192_o_sub_2_OUT<8:0>_lut<1>" is
sourceless and has been removed.
The signal
"wfifo_512x16_inst/U0/xst_fifo_generator/gconvfifo.rf/grf.rf/gntv_or_sync_fifo.g
l0.rd/gras.grdc1.rdc/Msub_GND_192_o_GND_192_o_sub_2_OUT<8:0>_lut<0>" is
sourceless and has been removed.
 Sourceless block
"wfifo_512x16_inst/U0/xst_fifo_generator/gconvfifo.rf/grf.rf/gntv_or_sync_fifo.g
l0.rd/gras.grdc1.rdc/Msub_GND_192_o_GND_192_o_sub_2_OUT<8:0>_xor<0>" (XOR)
removed.
  The signal
"wfifo_512x16_inst/U0/xst_fifo_generator/gconvfifo.rf/grf.rf/gntv_or_sync_fifo.g
l0.rd/gras.grdc1.rdc/GND_192_o_GND_192_o_sub_2_OUT<0>" is sourceless and has
been removed.
   Sourceless block
"wfifo_512x16_inst/U0/xst_fifo_generator/gconvfifo.rf/grf.rf/gntv_or_sync_fifo.g
l0.rd/gras.grdc1.rdc/rd_dc_i_0" (FF) removed.
 Sourceless block
"wfifo_512x16_inst/U0/xst_fifo_generator/gconvfifo.rf/grf.rf/gntv_or_sync_fifo.g
l0.rd/gras.grdc1.rdc/Msub_GND_192_o_GND_192_o_sub_2_OUT<8:0>_cy<0>" (MUX)
removed.
The signal
"wfifo_512x16_inst/U0/xst_fifo_generator/gconvfifo.rf/grf.rf/gntv_or_sync_fifo.g
l0.wr/gwas.wsts/gaf.c3/gmux.carrynet<3>" is sourceless and has been removed.
 Sourceless block
"wfifo_512x16_inst/U0/xst_fifo_generator/gconvfifo.rf/grf.rf/gntv_or_sync_fifo.g
l0.wr/gwas.wsts/gaf.c3/gmux.gm[4].gms.ms" (MUX) removed.
  The signal
"wfifo_512x16_inst/U0/xst_fifo_generator/gconvfifo.rf/grf.rf/gntv_or_sync_fifo.g
l0.wr/gwas.wsts/gaf.comp3" is sourceless and has been removed.
   Sourceless block
"wfifo_512x16_inst/U0/xst_fifo_generator/gconvfifo.rf/grf.rf/gntv_or_sync_fifo.g
l0.wr/gwas.wsts/Mmux_ram_almost_full_i_GND_196_o_MUX_16_o11" (ROM) removed.
    The signal
"wfifo_512x16_inst/U0/xst_fifo_generator/gconvfifo.rf/grf.rf/gntv_or_sync_fifo.g
l0.wr/gwas.wsts/ram_almost_full_i_GND_196_o_MUX_16_o" is sourceless and has been
removed.
     Sourceless block
"wfifo_512x16_inst/U0/xst_fifo_generator/gconvfifo.rf/grf.rf/gntv_or_sync_fifo.g
l0.wr/gwas.wsts/ram_almost_full_i" (FF) removed.
The signal
"wfifo_512x16_inst/U0/xst_fifo_generator/gconvfifo.rf/grf.rf/gntv_or_sync_fifo.g
l0.wr/gwas.wsts/gaf.c3/v1<4>" is sourceless and has been removed.
The signal
"wfifo_512x16_inst/U0/xst_fifo_generator/gconvfifo.rf/grf.rf/gntv_or_sync_fifo.g
l0.wr/gwas.wsts/gaf.c3/v1<0>" is sourceless and has been removed.
 Sourceless block
"wfifo_512x16_inst/U0/xst_fifo_generator/gconvfifo.rf/grf.rf/gntv_or_sync_fifo.g
l0.wr/gwas.wsts/gaf.c3/gmux.gm[0].gm1.m1" (MUX) removed.
  The signal
"wfifo_512x16_inst/U0/xst_fifo_generator/gconvfifo.rf/grf.rf/gntv_or_sync_fifo.g
l0.wr/gwas.wsts/gaf.c3/gmux.carrynet<0>" is sourceless and has been removed.
   Sourceless block
"wfifo_512x16_inst/U0/xst_fifo_generator/gconvfifo.rf/grf.rf/gntv_or_sync_fifo.g
l0.wr/gwas.wsts/gaf.c3/gmux.gm[1].gms.ms" (MUX) removed.
    The signal
"wfifo_512x16_inst/U0/xst_fifo_generator/gconvfifo.rf/grf.rf/gntv_or_sync_fifo.g
l0.wr/gwas.wsts/gaf.c3/gmux.carrynet<1>" is sourceless and has been removed.
     Sourceless block
"wfifo_512x16_inst/U0/xst_fifo_generator/gconvfifo.rf/grf.rf/gntv_or_sync_fifo.g
l0.wr/gwas.wsts/gaf.c3/gmux.gm[2].gms.ms" (MUX) removed.
      The signal
"wfifo_512x16_inst/U0/xst_fifo_generator/gconvfifo.rf/grf.rf/gntv_or_sync_fifo.g
l0.wr/gwas.wsts/gaf.c3/gmux.carrynet<2>" is sourceless and has been removed.
       Sourceless block
"wfifo_512x16_inst/U0/xst_fifo_generator/gconvfifo.rf/grf.rf/gntv_or_sync_fifo.g
l0.wr/gwas.wsts/gaf.c3/gmux.gm[3].gms.ms" (MUX) removed.
The signal
"wfifo_512x16_inst/U0/xst_fifo_generator/gconvfifo.rf/grf.rf/gntv_or_sync_fifo.g
l0.wr/gwas.wsts/gaf.c3/v1<1>" is sourceless and has been removed.
The signal
"wfifo_512x16_inst/U0/xst_fifo_generator/gconvfifo.rf/grf.rf/gntv_or_sync_fifo.g
l0.wr/gwas.wsts/gaf.c3/v1<2>" is sourceless and has been removed.
The signal
"wfifo_512x16_inst/U0/xst_fifo_generator/gconvfifo.rf/grf.rf/gntv_or_sync_fifo.g
l0.wr/gwas.wsts/gaf.c3/v1<3>" is sourceless and has been removed.
The signal
"wfifo_512x16_inst/U0/xst_fifo_generator/gconvfifo.rf/grf.rf/gntv_or_sync_fifo.g
l0.wr/gwas.wsts/_n0021_inv" is sourceless and has been removed.
The signal
"wfifo_512x16_inst/U0/xst_fifo_generator/gconvfifo.rf/grf.rf/gntv_or_sync_fifo.g
l0.wr/gwas.gwdc0.wdc/GND_198_o_GND_198_o_sub_2_OUT<7>" is sourceless and has
been removed.
 Sourceless block
"wfifo_512x16_inst/U0/xst_fifo_generator/gconvfifo.rf/grf.rf/gntv_or_sync_fifo.g
l0.wr/gwas.gwdc0.wdc/wr_data_count_i_7" (FF) removed.
The signal
"wfifo_512x16_inst/U0/xst_fifo_generator/gconvfifo.rf/grf.rf/gntv_or_sync_fifo.g
l0.wr/gwas.gwdc0.wdc/GND_198_o_GND_198_o_sub_2_OUT<6>" is sourceless and has
been removed.
 Sourceless block
"wfifo_512x16_inst/U0/xst_fifo_generator/gconvfifo.rf/grf.rf/gntv_or_sync_fifo.g
l0.wr/gwas.gwdc0.wdc/wr_data_count_i_6" (FF) removed.
The signal
"wfifo_512x16_inst/U0/xst_fifo_generator/gconvfifo.rf/grf.rf/gntv_or_sync_fifo.g
l0.wr/gwas.gwdc0.wdc/GND_198_o_GND_198_o_sub_2_OUT<5>" is sourceless and has
been removed.
 Sourceless block
"wfifo_512x16_inst/U0/xst_fifo_generator/gconvfifo.rf/grf.rf/gntv_or_sync_fifo.g
l0.wr/gwas.gwdc0.wdc/wr_data_count_i_5" (FF) removed.
The signal
"wfifo_512x16_inst/U0/xst_fifo_generator/gconvfifo.rf/grf.rf/gntv_or_sync_fifo.g
l0.wr/gwas.gwdc0.wdc/GND_198_o_GND_198_o_sub_2_OUT<4>" is sourceless and has
been removed.
 Sourceless block
"wfifo_512x16_inst/U0/xst_fifo_generator/gconvfifo.rf/grf.rf/gntv_or_sync_fifo.g
l0.wr/gwas.gwdc0.wdc/wr_data_count_i_4" (FF) removed.
The signal
"wfifo_512x16_inst/U0/xst_fifo_generator/gconvfifo.rf/grf.rf/gntv_or_sync_fifo.g
l0.wr/gwas.gwdc0.wdc/GND_198_o_GND_198_o_sub_2_OUT<3>" is sourceless and has
been removed.
 Sourceless block
"wfifo_512x16_inst/U0/xst_fifo_generator/gconvfifo.rf/grf.rf/gntv_or_sync_fifo.g
l0.wr/gwas.gwdc0.wdc/wr_data_count_i_3" (FF) removed.
The signal
"wfifo_512x16_inst/U0/xst_fifo_generator/gconvfifo.rf/grf.rf/gntv_or_sync_fifo.g
l0.wr/gwas.gwdc0.wdc/GND_198_o_GND_198_o_sub_2_OUT<2>" is sourceless and has
been removed.
 Sourceless block
"wfifo_512x16_inst/U0/xst_fifo_generator/gconvfifo.rf/grf.rf/gntv_or_sync_fifo.g
l0.wr/gwas.gwdc0.wdc/wr_data_count_i_2" (FF) removed.
The signal
"wfifo_512x16_inst/U0/xst_fifo_generator/gconvfifo.rf/grf.rf/gntv_or_sync_fifo.g
l0.wr/gwas.gwdc0.wdc/GND_198_o_GND_198_o_sub_2_OUT<1>" is sourceless and has
been removed.
 Sourceless block
"wfifo_512x16_inst/U0/xst_fifo_generator/gconvfifo.rf/grf.rf/gntv_or_sync_fifo.g
l0.wr/gwas.gwdc0.wdc/wr_data_count_i_1" (FF) removed.
The signal
"wfifo_512x16_inst/U0/xst_fifo_generator/gconvfifo.rf/grf.rf/gntv_or_sync_fifo.g
l0.wr/gwas.gwdc0.wdc/GND_198_o_GND_198_o_sub_2_OUT<0>" is sourceless and has
been removed.
 Sourceless block
"wfifo_512x16_inst/U0/xst_fifo_generator/gconvfifo.rf/grf.rf/gntv_or_sync_fifo.g
l0.wr/gwas.gwdc0.wdc/wr_data_count_i_0" (FF) removed.
Unused block
"wfifo_512x16_inst/U0/xst_fifo_generator/gconvfifo.rf/grf.rf/gntv_or_sync_fifo.g
l0.rd/gras.grdc1.rdc/Msub_GND_192_o_GND_192_o_sub_2_OUT<8:0>_lut<0>" (ROM)
removed.
Unused block
"wfifo_512x16_inst/U0/xst_fifo_generator/gconvfifo.rf/grf.rf/gntv_or_sync_fifo.g
l0.rd/gras.grdc1.rdc/Msub_GND_192_o_GND_192_o_sub_2_OUT<8:0>_lut<1>" (ROM)
removed.
Unused block
"wfifo_512x16_inst/U0/xst_fifo_generator/gconvfifo.rf/grf.rf/gntv_or_sync_fifo.g
l0.rd/gras.grdc1.rdc/Msub_GND_192_o_GND_192_o_sub_2_OUT<8:0>_lut<2>" (ROM)
removed.
Unused block
"wfifo_512x16_inst/U0/xst_fifo_generator/gconvfifo.rf/grf.rf/gntv_or_sync_fifo.g
l0.rd/gras.grdc1.rdc/Msub_GND_192_o_GND_192_o_sub_2_OUT<8:0>_lut<3>" (ROM)
removed.
Unused block
"wfifo_512x16_inst/U0/xst_fifo_generator/gconvfifo.rf/grf.rf/gntv_or_sync_fifo.g
l0.rd/gras.grdc1.rdc/Msub_GND_192_o_GND_192_o_sub_2_OUT<8:0>_lut<4>" (ROM)
removed.
Unused block
"wfifo_512x16_inst/U0/xst_fifo_generator/gconvfifo.rf/grf.rf/gntv_or_sync_fifo.g
l0.rd/gras.grdc1.rdc/Msub_GND_192_o_GND_192_o_sub_2_OUT<8:0>_lut<5>" (ROM)
removed.
Unused block
"wfifo_512x16_inst/U0/xst_fifo_generator/gconvfifo.rf/grf.rf/gntv_or_sync_fifo.g
l0.rd/gras.grdc1.rdc/Msub_GND_192_o_GND_192_o_sub_2_OUT<8:0>_lut<6>" (ROM)
removed.
Unused block
"wfifo_512x16_inst/U0/xst_fifo_generator/gconvfifo.rf/grf.rf/gntv_or_sync_fifo.g
l0.rd/gras.grdc1.rdc/Msub_GND_192_o_GND_192_o_sub_2_OUT<8:0>_lut<7>" (ROM)
removed.
Unused block
"wfifo_512x16_inst/U0/xst_fifo_generator/gconvfifo.rf/grf.rf/gntv_or_sync_fifo.g
l0.rd/gras.grdc1.rdc/Msub_GND_192_o_GND_192_o_sub_2_OUT<8:0>_lut<8>" (ROM)
removed.
Unused block
"wfifo_512x16_inst/U0/xst_fifo_generator/gconvfifo.rf/grf.rf/gntv_or_sync_fifo.g
l0.rd/gras.rsts/gae.c2/v1<0>1" (ROM) removed.
Unused block
"wfifo_512x16_inst/U0/xst_fifo_generator/gconvfifo.rf/grf.rf/gntv_or_sync_fifo.g
l0.rd/gras.rsts/gae.c2/v1<1>1" (ROM) removed.
Unused block
"wfifo_512x16_inst/U0/xst_fifo_generator/gconvfifo.rf/grf.rf/gntv_or_sync_fifo.g
l0.rd/gras.rsts/gae.c2/v1<2>1" (ROM) removed.
Unused block
"wfifo_512x16_inst/U0/xst_fifo_generator/gconvfifo.rf/grf.rf/gntv_or_sync_fifo.g
l0.rd/gras.rsts/gae.c2/v1<3>1" (ROM) removed.
Unused block
"wfifo_512x16_inst/U0/xst_fifo_generator/gconvfifo.rf/grf.rf/gntv_or_sync_fifo.g
l0.rd/gras.rsts/gae.c2/v1<4>1" (ROM) removed.
Unused block
"wfifo_512x16_inst/U0/xst_fifo_generator/gconvfifo.rf/grf.rf/gntv_or_sync_fifo.g
l0.rd/gras.rsts/ram_empty_fb_i_inv1_INV_0" (BUF) removed.
Unused block
"wfifo_512x16_inst/U0/xst_fifo_generator/gconvfifo.rf/grf.rf/gntv_or_sync_fifo.g
l0.rd/gras.rsts/ram_empty_i" (FF) removed.
Unused block
"wfifo_512x16_inst/U0/xst_fifo_generator/gconvfifo.rf/grf.rf/gntv_or_sync_fifo.g
l0.wr/gwas.gwdc0.wdc/Msub_GND_198_o_GND_198_o_sub_2_OUT<8:0>_xor<0>" (XOR)
removed.
Unused block
"wfifo_512x16_inst/U0/xst_fifo_generator/gconvfifo.rf/grf.rf/gntv_or_sync_fifo.g
l0.wr/gwas.gwdc0.wdc/Msub_GND_198_o_GND_198_o_sub_2_OUT<8:0>_xor<1>" (XOR)
removed.
Unused block
"wfifo_512x16_inst/U0/xst_fifo_generator/gconvfifo.rf/grf.rf/gntv_or_sync_fifo.g
l0.wr/gwas.gwdc0.wdc/Msub_GND_198_o_GND_198_o_sub_2_OUT<8:0>_xor<2>" (XOR)
removed.
Unused block
"wfifo_512x16_inst/U0/xst_fifo_generator/gconvfifo.rf/grf.rf/gntv_or_sync_fifo.g
l0.wr/gwas.gwdc0.wdc/Msub_GND_198_o_GND_198_o_sub_2_OUT<8:0>_xor<3>" (XOR)
removed.
Unused block
"wfifo_512x16_inst/U0/xst_fifo_generator/gconvfifo.rf/grf.rf/gntv_or_sync_fifo.g
l0.wr/gwas.gwdc0.wdc/Msub_GND_198_o_GND_198_o_sub_2_OUT<8:0>_xor<4>" (XOR)
removed.
Unused block
"wfifo_512x16_inst/U0/xst_fifo_generator/gconvfifo.rf/grf.rf/gntv_or_sync_fifo.g
l0.wr/gwas.gwdc0.wdc/Msub_GND_198_o_GND_198_o_sub_2_OUT<8:0>_xor<5>" (XOR)
removed.
Unused block
"wfifo_512x16_inst/U0/xst_fifo_generator/gconvfifo.rf/grf.rf/gntv_or_sync_fifo.g
l0.wr/gwas.gwdc0.wdc/Msub_GND_198_o_GND_198_o_sub_2_OUT<8:0>_xor<6>" (XOR)
removed.
Unused block
"wfifo_512x16_inst/U0/xst_fifo_generator/gconvfifo.rf/grf.rf/gntv_or_sync_fifo.g
l0.wr/gwas.gwdc0.wdc/Msub_GND_198_o_GND_198_o_sub_2_OUT<8:0>_xor<7>" (XOR)
removed.
Unused block
"wfifo_512x16_inst/U0/xst_fifo_generator/gconvfifo.rf/grf.rf/gntv_or_sync_fifo.g
l0.wr/gwas.wsts/_n0021_inv1" (ROM) removed.
Unused block
"wfifo_512x16_inst/U0/xst_fifo_generator/gconvfifo.rf/grf.rf/gntv_or_sync_fifo.g
l0.wr/gwas.wsts/gaf.c3/v1<0>1" (ROM) removed.
Unused block
"wfifo_512x16_inst/U0/xst_fifo_generator/gconvfifo.rf/grf.rf/gntv_or_sync_fifo.g
l0.wr/gwas.wsts/gaf.c3/v1<1>1" (ROM) removed.
Unused block
"wfifo_512x16_inst/U0/xst_fifo_generator/gconvfifo.rf/grf.rf/gntv_or_sync_fifo.g
l0.wr/gwas.wsts/gaf.c3/v1<2>1" (ROM) removed.
Unused block
"wfifo_512x16_inst/U0/xst_fifo_generator/gconvfifo.rf/grf.rf/gntv_or_sync_fifo.g
l0.wr/gwas.wsts/gaf.c3/v1<3>1" (ROM) removed.
Unused block
"wfifo_512x16_inst/U0/xst_fifo_generator/gconvfifo.rf/grf.rf/gntv_or_sync_fifo.g
l0.wr/gwas.wsts/gaf.c3/v1<4>1" (ROM) removed.
Unused block
"wfifo_512x16_inst/U0/xst_fifo_generator/gconvfifo.rf/grf.rf/gntv_or_sync_fifo.g
l0.wr/gwas.wsts/ram_full_i" (FF) removed.

Optimized Block(s):
TYPE 		BLOCK
GND
		wfifo_512x16_inst/U0/xst_fifo_generator/gconvfifo.rf/grf.rf/gntv_or_sync_fifo.
mem/gbm.gbmg.gbmga.ngecc.bmg/gnativebmg.native_blk_mem_gen/valid.cstr/XST_GND
GND 		wfifo_512x16_inst/XST_GND
VCC 		wfifo_512x16_inst/XST_VCC

To enable printing of redundant blocks removed and signals merged, set the
detailed map report option and rerun map.

Section 6 - IOB Properties
--------------------------

+---------------------------------------------------------------------------------------------------------------------------------------------------------+
| IOB Name                           | Type             | Direction | IO Standard          | Diff  | Drive    | Slew | Reg (s)      | Resistor | IOB      |
|                                    |                  |           |                      | Term  | Strength | Rate |              |          | Delay    |
+---------------------------------------------------------------------------------------------------------------------------------------------------------+
| s_rst_n                            | IOB              | INPUT     | LVCMOS25             |       |          |      |              |          |          |
| wfifo_rclk                         | IOB              | INPUT     | LVCMOS25             |       |          |      |              |          |          |
| wfifo_rd_data<0>                   | IOB              | OUTPUT    | LVCMOS25             |       | 12       | SLOW |              |          |          |
| wfifo_rd_data<1>                   | IOB              | OUTPUT    | LVCMOS25             |       | 12       | SLOW |              |          |          |
| wfifo_rd_data<2>                   | IOB              | OUTPUT    | LVCMOS25             |       | 12       | SLOW |              |          |          |
| wfifo_rd_data<3>                   | IOB              | OUTPUT    | LVCMOS25             |       | 12       | SLOW |              |          |          |
| wfifo_rd_data<4>                   | IOB              | OUTPUT    | LVCMOS25             |       | 12       | SLOW |              |          |          |
| wfifo_rd_data<5>                   | IOB              | OUTPUT    | LVCMOS25             |       | 12       | SLOW |              |          |          |
| wfifo_rd_data<6>                   | IOB              | OUTPUT    | LVCMOS25             |       | 12       | SLOW |              |          |          |
| wfifo_rd_data<7>                   | IOB              | OUTPUT    | LVCMOS25             |       | 12       | SLOW |              |          |          |
| wfifo_rd_data<8>                   | IOB              | OUTPUT    | LVCMOS25             |       | 12       | SLOW |              |          |          |
| wfifo_rd_data<9>                   | IOB              | OUTPUT    | LVCMOS25             |       | 12       | SLOW |              |          |          |
| wfifo_rd_data<10>                  | IOB              | OUTPUT    | LVCMOS25             |       | 12       | SLOW |              |          |          |
| wfifo_rd_data<11>                  | IOB              | OUTPUT    | LVCMOS25             |       | 12       | SLOW |              |          |          |
| wfifo_rd_data<12>                  | IOB              | OUTPUT    | LVCMOS25             |       | 12       | SLOW |              |          |          |
| wfifo_rd_data<13>                  | IOB              | OUTPUT    | LVCMOS25             |       | 12       | SLOW |              |          |          |
| wfifo_rd_data<14>                  | IOB              | OUTPUT    | LVCMOS25             |       | 12       | SLOW |              |          |          |
| wfifo_rd_data<15>                  | IOB              | OUTPUT    | LVCMOS25             |       | 12       | SLOW |              |          |          |
| wfifo_rd_en                        | IOB              | INPUT     | LVCMOS25             |       |          |      |              |          |          |
| wfifo_wclk                         | IOB              | INPUT     | LVCMOS25             |       |          |      |              |          |          |
| wfifo_wr_en                        | IOB              | INPUT     | LVCMOS25             |       |          |      |              |          |          |
| wifo_wr_data<0>                    | IOB              | INPUT     | LVCMOS25             |       |          |      |              |          |          |
| wifo_wr_data<1>                    | IOB              | INPUT     | LVCMOS25             |       |          |      |              |          |          |
| wifo_wr_data<2>                    | IOB              | INPUT     | LVCMOS25             |       |          |      |              |          |          |
| wifo_wr_data<3>                    | IOB              | INPUT     | LVCMOS25             |       |          |      |              |          |          |
| wifo_wr_data<4>                    | IOB              | INPUT     | LVCMOS25             |       |          |      |              |          |          |
| wifo_wr_data<5>                    | IOB              | INPUT     | LVCMOS25             |       |          |      |              |          |          |
| wifo_wr_data<6>                    | IOB              | INPUT     | LVCMOS25             |       |          |      |              |          |          |
| wifo_wr_data<7>                    | IOB              | INPUT     | LVCMOS25             |       |          |      |              |          |          |
| wifo_wr_data<8>                    | IOB              | INPUT     | LVCMOS25             |       |          |      |              |          |          |
| wifo_wr_data<9>                    | IOB              | INPUT     | LVCMOS25             |       |          |      |              |          |          |
| wifo_wr_data<10>                   | IOB              | INPUT     | LVCMOS25             |       |          |      |              |          |          |
| wifo_wr_data<11>                   | IOB              | INPUT     | LVCMOS25             |       |          |      |              |          |          |
| wifo_wr_data<12>                   | IOB              | INPUT     | LVCMOS25             |       |          |      |              |          |          |
| wifo_wr_data<13>                   | IOB              | INPUT     | LVCMOS25             |       |          |      |              |          |          |
| wifo_wr_data<14>                   | IOB              | INPUT     | LVCMOS25             |       |          |      |              |          |          |
| wifo_wr_data<15>                   | IOB              | INPUT     | LVCMOS25             |       |          |      |              |          |          |
| wr_trig                            | IOB              | OUTPUT    | LVCMOS25             |       | 12       | SLOW | OFF          |          |          |
+---------------------------------------------------------------------------------------------------------------------------------------------------------+

Section 7 - RPMs
----------------

Section 8 - Guide Report
------------------------
Guide not run on this design.

Section 9 - Area Group and Partition Summary
--------------------------------------------

Partition Implementation Status
-------------------------------

  No Partitions were found in this design.

-------------------------------

Area Group Information
----------------------

  No area groups were found in this design.

----------------------

Section 10 - Timing Report
--------------------------
A logic-level (pre-route) timing report can be generated by using Xilinx static
timing analysis tools, Timing Analyzer (GUI) or TRCE (command line), with the
mapped NCD and PCF files. Please note that this timing report will be generated
using estimated delay information. For accurate numbers, please generate a
timing report with the post Place and Route NCD file.

For more information about the Timing Analyzer, consult the Xilinx Timing
Analyzer Reference Manual; for more information about TRCE, consult the Xilinx
Command Line Tools User Guide "TRACE" chapter.

Section 11 - Configuration String Details
-----------------------------------------
Use the "-detail" map option to print out Configuration Strings

Section 12 - Control Set Information
------------------------------------
Use the "-detail" map option to print out Control Set Information.

Section 13 - Utilization by Hierarchy
-------------------------------------
Use the "-detail" map option to print out the Utilization by Hierarchy section.
